{"/Users/pawelm/DesktopOnlyDocs/projects/paymento_tasks/src/app.ts": {"path":"/Users/pawelm/DesktopOnlyDocs/projects/paymento_tasks/src/app.ts","statementMap":{"0":{"start":{"line":1,"column":0},"end":{"line":1,"column":61}},"1":{"start":{"line":2,"column":0},"end":{"line":2,"column":44}},"2":{"start":{"line":3,"column":0},"end":{"line":3,"column":37}},"3":{"start":{"line":4,"column":0},"end":{"line":4,"column":58}},"4":{"start":{"line":5,"column":0},"end":{"line":5,"column":55}},"5":{"start":{"line":6,"column":0},"end":{"line":6,"column":72}},"6":{"start":{"line":7,"column":0},"end":{"line":7,"column":91}},"7":{"start":{"line":8,"column":0},"end":{"line":8,"column":66}},"8":{"start":{"line":9,"column":0},"end":{"line":9,"column":62}},"9":{"start":{"line":10,"column":0},"end":{"line":10,"column":74}},"10":{"start":{"line":11,"column":0},"end":{"line":11,"column":60}},"11":{"start":{"line":13,"column":0},"end":{"line":13,"column":99}},"12":{"start":{"line":15,"column":0},"end":{"line":15,"column":9}},"13":{"start":{"line":26,"column":4},"end":{"line":26,"column":49}},"14":{"start":{"line":27,"column":4},"end":{"line":27,"column":25}},"15":{"start":{"line":28,"column":4},"end":{"line":28,"column":41}},"16":{"start":{"line":29,"column":4},"end":{"line":29,"column":35}},"17":{"start":{"line":30,"column":4},"end":{"line":30,"column":52}},"18":{"start":{"line":31,"column":4},"end":{"line":31,"column":50}},"19":{"start":{"line":33,"column":4},"end":{"line":33,"column":39}},"20":{"start":{"line":34,"column":4},"end":{"line":34,"column":38}},"21":{"start":{"line":36,"column":4},"end":{"line":36,"column":25}},"22":{"start":{"line":38,"column":4},"end":{"line":42,"column":6}},"23":{"start":{"line":43,"column":4},"end":{"line":43,"column":30}},"24":{"start":{"line":45,"column":4},"end":{"line":45,"column":32}},"25":{"start":{"line":46,"column":4},"end":{"line":46,"column":41}},"26":{"start":{"line":50,"column":4},"end":{"line":62,"column":null}},"27":{"start":{"line":51,"column":6},"end":{"line":51,"column":41}},"28":{"start":{"line":52,"column":6},"end":{"line":52,"column":72}},"29":{"start":{"line":54,"column":6},"end":{"line":54,"column":34}},"30":{"start":{"line":55,"column":6},"end":{"line":55,"column":56}},"31":{"start":{"line":57,"column":6},"end":{"line":59,"column":9}},"32":{"start":{"line":58,"column":8},"end":{"line":58,"column":62}},"33":{"start":{"line":61,"column":6},"end":{"line":61,"column":61}},"34":{"start":{"line":66,"column":0},"end":{"line":75,"column":5}},"35":{"start":{"line":67,"column":14},"end":{"line":67,"column":27}},"36":{"start":{"line":68,"column":2},"end":{"line":68,"column":22}},"37":{"start":{"line":69,"column":2},"end":{"line":74,"column":4}}},"fnMap":{"0":{"name":"(anonymous_6)","decl":{"start":{"line":25,"column":2},"end":{"line":25,"column":14}},"loc":{"start":{"line":25,"column":26},"end":{"line":47,"column":3}}},"1":{"name":"(anonymous_7)","decl":{"start":{"line":49,"column":9},"end":{"line":49,"column":14}},"loc":{"start":{"line":49,"column":22},"end":{"line":63,"column":3}}},"2":{"name":"(anonymous_8)","decl":{"start":{"line":57,"column":36},"end":{"line":57,"column":39}},"loc":{"start":{"line":57,"column":41},"end":{"line":59,"column":7}}},"3":{"name":"main","decl":{"start":{"line":66,"column":16},"end":{"line":66,"column":20}},"loc":{"start":{"line":66,"column":20},"end":{"line":75,"column":1}}}},"branchMap":{"0":{"loc":{"start":{"line":26,"column":16},"end":{"line":26,"column":48}},"type":"binary-expr","locations":[{"start":{"line":26,"column":16},"end":{"line":26,"column":40}},{"start":{"line":26,"column":44},"end":{"line":26,"column":48}}]}},"s":{"0":0,"1":0,"2":0,"3":0,"4":0,"5":0,"6":0,"7":0,"8":0,"9":0,"10":0,"11":0,"12":0,"13":0,"14":0,"15":0,"16":0,"17":0,"18":0,"19":0,"20":0,"21":0,"22":0,"23":0,"24":0,"25":0,"26":0,"27":0,"28":0,"29":0,"30":0,"31":0,"32":0,"33":0,"34":0,"35":0,"36":0,"37":0},"f":{"0":0,"1":0,"2":0,"3":0},"b":{"0":[0,0]}}
,"/Users/pawelm/DesktopOnlyDocs/projects/paymento_tasks/src/DEVELOPMENT-ONLY/get-or-create-test-user.ts": {"path":"/Users/pawelm/DesktopOnlyDocs/projects/paymento_tasks/src/DEVELOPMENT-ONLY/get-or-create-test-user.ts","statementMap":{"0":{"start":{"line":1,"column":0},"end":{"line":1,"column":51}},"1":{"start":{"line":2,"column":0},"end":{"line":2,"column":67}},"2":{"start":{"line":4,"column":53},"end":{"line":34,"column":1}},"3":{"start":{"line":8,"column":2},"end":{"line":33,"column":null}},"4":{"start":{"line":9,"column":27},"end":{"line":9,"column":62}},"5":{"start":{"line":12,"column":4},"end":{"line":14,"column":7}},"6":{"start":{"line":16,"column":4},"end":{"line":22,"column":null}},"7":{"start":{"line":17,"column":6},"end":{"line":21,"column":9}},"8":{"start":{"line":24,"column":4},"end":{"line":27,"column":6}},"9":{"start":{"line":29,"column":4},"end":{"line":32,"column":6}},"10":{"start":{"line":4,"column":13},"end":{"line":4,"column":53}}},"fnMap":{"0":{"name":"(anonymous_0)","decl":{"start":{"line":4,"column":53},"end":{"line":4,"column":58}},"loc":{"start":{"line":7,"column":57},"end":{"line":34,"column":1}}}},"branchMap":{"0":{"loc":{"start":{"line":16,"column":4},"end":{"line":22,"column":null}},"type":"if","locations":[{"start":{"line":16,"column":4},"end":{"line":22,"column":null}}]}},"s":{"0":0,"1":0,"2":0,"3":0,"4":0,"5":0,"6":0,"7":0,"8":0,"9":0,"10":0},"f":{"0":0},"b":{"0":[0]}}
,"/Users/pawelm/DesktopOnlyDocs/projects/paymento_tasks/src/auth/dto/user-login-req.dto.ts": {"path":"/Users/pawelm/DesktopOnlyDocs/projects/paymento_tasks/src/auth/dto/user-login-req.dto.ts","statementMap":{"0":{"start":{"line":1,"column":0},"end":{"line":1,"column":52}},"1":{"start":{"line":4,"column":2},"end":{"line":5,"column":null}},"2":{"start":{"line":7,"column":2},"end":{"line":8,"column":null}},"3":{"start":{"line":3,"column":0},"end":{"line":3,"column":13}}},"fnMap":{},"branchMap":{},"s":{"0":0,"1":0,"2":0,"3":0},"f":{},"b":{}}
,"/Users/pawelm/DesktopOnlyDocs/projects/paymento_tasks/src/auth/middlewares/auth-middleware.ts": {"path":"/Users/pawelm/DesktopOnlyDocs/projects/paymento_tasks/src/auth/middlewares/auth-middleware.ts","statementMap":{"0":{"start":{"line":2,"column":0},"end":{"line":2,"column":60}},"1":{"start":{"line":3,"column":0},"end":{"line":3,"column":80}},"2":{"start":{"line":6,"column":0},"end":{"line":6,"column":68}},"3":{"start":{"line":7,"column":0},"end":{"line":7,"column":66}},"4":{"start":{"line":10,"column":2},"end":{"line":38,"column":3}},"5":{"start":{"line":11,"column":2},"end":{"line":38,"column":3}},"6":{"start":{"line":12,"column":4},"end":{"line":37,"column":null}},"7":{"start":{"line":13,"column":6},"end":{"line":13,"column":47}},"8":{"start":{"line":13,"column":33},"end":{"line":13,"column":47}},"9":{"start":{"line":15,"column":48},"end":{"line":15,"column":72}},"10":{"start":{"line":16,"column":6},"end":{"line":17,"column":74}},"11":{"start":{"line":17,"column":8},"end":{"line":17,"column":74}},"12":{"start":{"line":19,"column":28},"end":{"line":19,"column":55}},"13":{"start":{"line":20,"column":6},"end":{"line":20,"column":78}},"14":{"start":{"line":20,"column":18},"end":{"line":20,"column":78}},"15":{"start":{"line":22,"column":28},"end":{"line":22,"column":56}},"16":{"start":{"line":23,"column":6},"end":{"line":24,"column":64}},"17":{"start":{"line":24,"column":8},"end":{"line":24,"column":64}},"18":{"start":{"line":26,"column":36},"end":{"line":26,"column":66}},"19":{"start":{"line":27,"column":6},"end":{"line":27,"column":70}},"20":{"start":{"line":27,"column":20},"end":{"line":27,"column":70}},"21":{"start":{"line":29,"column":6},"end":{"line":29,"column":34}},"22":{"start":{"line":30,"column":6},"end":{"line":30,"column":13}},"23":{"start":{"line":32,"column":6},"end":{"line":33,"column":64}},"24":{"start":{"line":33,"column":8},"end":{"line":33,"column":64}},"25":{"start":{"line":34,"column":6},"end":{"line":35,"column":64}},"26":{"start":{"line":35,"column":8},"end":{"line":35,"column":64}},"27":{"start":{"line":36,"column":6},"end":{"line":36,"column":16}},"28":{"start":{"line":9,"column":13},"end":{"line":9,"column":null}}},"fnMap":{"0":{"name":"(anonymous_0)","decl":{"start":{"line":10,"column":2},"end":{"line":10,"column":3}},"loc":{"start":{"line":11,"column":2},"end":{"line":38,"column":3}}},"1":{"name":"(anonymous_1)","decl":{"start":{"line":11,"column":2},"end":{"line":11,"column":7}},"loc":{"start":{"line":11,"column":68},"end":{"line":38,"column":3}}}},"branchMap":{"0":{"loc":{"start":{"line":13,"column":6},"end":{"line":13,"column":47}},"type":"if","locations":[{"start":{"line":13,"column":6},"end":{"line":13,"column":47}}]},"1":{"loc":{"start":{"line":16,"column":6},"end":{"line":17,"column":74}},"type":"if","locations":[{"start":{"line":16,"column":6},"end":{"line":17,"column":74}}]},"2":{"loc":{"start":{"line":20,"column":6},"end":{"line":20,"column":78}},"type":"if","locations":[{"start":{"line":20,"column":6},"end":{"line":20,"column":78}}]},"3":{"loc":{"start":{"line":23,"column":6},"end":{"line":24,"column":64}},"type":"if","locations":[{"start":{"line":23,"column":6},"end":{"line":24,"column":64}}]},"4":{"loc":{"start":{"line":27,"column":6},"end":{"line":27,"column":70}},"type":"if","locations":[{"start":{"line":27,"column":6},"end":{"line":27,"column":70}}]},"5":{"loc":{"start":{"line":32,"column":6},"end":{"line":33,"column":64}},"type":"if","locations":[{"start":{"line":32,"column":6},"end":{"line":33,"column":64}}]},"6":{"loc":{"start":{"line":34,"column":6},"end":{"line":35,"column":64}},"type":"if","locations":[{"start":{"line":34,"column":6},"end":{"line":35,"column":64}}]}},"s":{"0":0,"1":0,"2":0,"3":0,"4":0,"5":0,"6":0,"7":0,"8":0,"9":0,"10":0,"11":0,"12":0,"13":0,"14":0,"15":0,"16":0,"17":0,"18":0,"19":0,"20":0,"21":0,"22":0,"23":0,"24":0,"25":0,"26":0,"27":0,"28":0},"f":{"0":0,"1":0},"b":{"0":[0],"1":[0],"2":[0],"3":[0],"4":[0],"5":[0],"6":[0]}}
,"/Users/pawelm/DesktopOnlyDocs/projects/paymento_tasks/src/auth/router/auth.router.ts": {"path":"/Users/pawelm/DesktopOnlyDocs/projects/paymento_tasks/src/auth/router/auth.router.ts","statementMap":{"0":{"start":{"line":2,"column":0},"end":{"line":2,"column":64}},"1":{"start":{"line":3,"column":0},"end":{"line":3,"column":62}},"2":{"start":{"line":4,"column":0},"end":{"line":4,"column":68}},"3":{"start":{"line":5,"column":0},"end":{"line":5,"column":91}},"4":{"start":{"line":7,"column":0},"end":{"line":7,"column":70}},"5":{"start":{"line":8,"column":0},"end":{"line":8,"column":54}},"6":{"start":{"line":12,"column":21},"end":{"line":12,"column":35}},"7":{"start":{"line":13,"column":21},"end":{"line":13,"column":35}},"8":{"start":{"line":16,"column":21},"end":{"line":16,"column":41}},"9":{"start":{"line":20,"column":4},"end":{"line":25,"column":6}},"10":{"start":{"line":24,"column":8},"end":{"line":24,"column":46}},"11":{"start":{"line":27,"column":4},"end":{"line":31,"column":6}},"12":{"start":{"line":30,"column":8},"end":{"line":30,"column":47}},"13":{"start":{"line":33,"column":4},"end":{"line":37,"column":6}},"14":{"start":{"line":36,"column":8},"end":{"line":36,"column":46}},"15":{"start":{"line":10,"column":0},"end":{"line":10,"column":13}}},"fnMap":{"0":{"name":"(anonymous_0)","decl":{"start":{"line":11,"column":2},"end":{"line":11,"column":null}},"loc":{"start":{"line":16,"column":80},"end":{"line":17,"column":6}}},"1":{"name":"(anonymous_1)","decl":{"start":{"line":19,"column":9},"end":{"line":19,"column":24}},"loc":{"start":{"line":19,"column":24},"end":{"line":38,"column":3}}},"2":{"name":"(anonymous_2)","decl":{"start":{"line":23,"column":6},"end":{"line":23,"column":7}},"loc":{"start":{"line":24,"column":8},"end":{"line":24,"column":46}}},"3":{"name":"(anonymous_3)","decl":{"start":{"line":29,"column":6},"end":{"line":29,"column":7}},"loc":{"start":{"line":30,"column":8},"end":{"line":30,"column":47}}},"4":{"name":"(anonymous_4)","decl":{"start":{"line":35,"column":6},"end":{"line":35,"column":7}},"loc":{"start":{"line":36,"column":8},"end":{"line":36,"column":46}}}},"branchMap":{"0":{"loc":{"start":{"line":13,"column":21},"end":{"line":14,"column":null}},"type":"default-arg","locations":[{"start":{"line":13,"column":35},"end":{"line":14,"column":null}}]},"1":{"loc":{"start":{"line":16,"column":21},"end":{"line":16,"column":80}},"type":"default-arg","locations":[{"start":{"line":16,"column":41},"end":{"line":16,"column":80}}]}},"s":{"0":0,"1":0,"2":0,"3":0,"4":0,"5":0,"6":0,"7":0,"8":0,"9":0,"10":0,"11":0,"12":0,"13":0,"14":0,"15":0},"f":{"0":0,"1":0,"2":0,"3":0,"4":0},"b":{"0":[0],"1":[0]}}
,"/Users/pawelm/DesktopOnlyDocs/projects/paymento_tasks/src/auth/routes/auth-routes.enum.ts": {"path":"/Users/pawelm/DesktopOnlyDocs/projects/paymento_tasks/src/auth/routes/auth-routes.enum.ts","statementMap":{"0":{"start":{"line":1,"column":0},"end":{"line":1,"column":null}},"1":{"start":{"line":2,"column":2},"end":{"line":2,"column":null}},"2":{"start":{"line":3,"column":2},"end":{"line":3,"column":null}},"3":{"start":{"line":4,"column":2},"end":{"line":4,"column":null}},"4":{"start":{"line":5,"column":2},"end":{"line":5,"column":null}}},"fnMap":{"0":{"name":"(anonymous_0)","decl":{"start":{"line":1,"column":0},"end":{"line":1,"column":12}},"loc":{"start":{"line":1,"column":22},"end":{"line":6,"column":1}}}},"branchMap":{"0":{"loc":{"start":{"line":1,"column":12},"end":{"line":1,"column":null}},"type":"binary-expr","locations":[{"start":{"line":1,"column":12},"end":{"line":1,"column":22}},{"start":{"line":1,"column":12},"end":{"line":1,"column":null}}]}},"s":{"0":0,"1":0,"2":0,"3":0,"4":0},"f":{"0":0},"b":{"0":[0,0]}}
,"/Users/pawelm/DesktopOnlyDocs/projects/paymento_tasks/src/auth/service/auth.service.ts": {"path":"/Users/pawelm/DesktopOnlyDocs/projects/paymento_tasks/src/auth/service/auth.service.ts","statementMap":{"0":{"start":{"line":3,"column":0},"end":{"line":3,"column":80}},"1":{"start":{"line":4,"column":0},"end":{"line":4,"column":43}},"2":{"start":{"line":6,"column":0},"end":{"line":6,"column":71}},"3":{"start":{"line":8,"column":0},"end":{"line":8,"column":66}},"4":{"start":{"line":12,"column":31},"end":{"line":12,"column":63}},"5":{"start":{"line":19,"column":4},"end":{"line":32,"column":null}},"6":{"start":{"line":20,"column":34},"end":{"line":20,"column":42}},"7":{"start":{"line":21,"column":19},"end":{"line":23,"column":8}},"8":{"start":{"line":25,"column":6},"end":{"line":25,"column":72}},"9":{"start":{"line":25,"column":17},"end":{"line":25,"column":72}},"10":{"start":{"line":27,"column":20},"end":{"line":27,"column":62}},"11":{"start":{"line":29,"column":6},"end":{"line":29,"column":26}},"12":{"start":{"line":31,"column":6},"end":{"line":31,"column":18}},"13":{"start":{"line":40,"column":4},"end":{"line":51,"column":null}},"14":{"start":{"line":41,"column":19},"end":{"line":43,"column":8}},"15":{"start":{"line":45,"column":6},"end":{"line":46,"column":78}},"16":{"start":{"line":46,"column":8},"end":{"line":46,"column":78}},"17":{"start":{"line":48,"column":6},"end":{"line":48,"column":39}},"18":{"start":{"line":50,"column":6},"end":{"line":50,"column":18}},"19":{"start":{"line":59,"column":4},"end":{"line":72,"column":null}},"20":{"start":{"line":60,"column":48},"end":{"line":60,"column":72}},"21":{"start":{"line":61,"column":6},"end":{"line":62,"column":74}},"22":{"start":{"line":62,"column":8},"end":{"line":62,"column":74}},"23":{"start":{"line":64,"column":28},"end":{"line":64,"column":55}},"24":{"start":{"line":65,"column":6},"end":{"line":65,"column":78}},"25":{"start":{"line":65,"column":18},"end":{"line":65,"column":78}},"26":{"start":{"line":67,"column":6},"end":{"line":67,"column":42}},"27":{"start":{"line":69,"column":6},"end":{"line":69,"column":50}},"28":{"start":{"line":71,"column":6},"end":{"line":71,"column":18}},"29":{"start":{"line":11,"column":0},"end":{"line":11,"column":13}}},"fnMap":{"0":{"name":"(anonymous_0)","decl":{"start":{"line":12,"column":2},"end":{"line":12,"column":31}},"loc":{"start":{"line":12,"column":63},"end":{"line":12,"column":67}}},"1":{"name":"(anonymous_1)","decl":{"start":{"line":14,"column":9},"end":{"line":14,"column":14}},"loc":{"start":{"line":17,"column":22},"end":{"line":33,"column":3}}},"2":{"name":"(anonymous_2)","decl":{"start":{"line":35,"column":9},"end":{"line":35,"column":14}},"loc":{"start":{"line":38,"column":22},"end":{"line":52,"column":3}}},"3":{"name":"(anonymous_3)","decl":{"start":{"line":54,"column":9},"end":{"line":54,"column":14}},"loc":{"start":{"line":57,"column":22},"end":{"line":73,"column":3}}}},"branchMap":{"0":{"loc":{"start":{"line":25,"column":6},"end":{"line":25,"column":72}},"type":"if","locations":[{"start":{"line":25,"column":6},"end":{"line":25,"column":72}}]},"1":{"loc":{"start":{"line":45,"column":6},"end":{"line":46,"column":78}},"type":"if","locations":[{"start":{"line":45,"column":6},"end":{"line":46,"column":78}}]},"2":{"loc":{"start":{"line":61,"column":6},"end":{"line":62,"column":74}},"type":"if","locations":[{"start":{"line":61,"column":6},"end":{"line":62,"column":74}}]},"3":{"loc":{"start":{"line":65,"column":6},"end":{"line":65,"column":78}},"type":"if","locations":[{"start":{"line":65,"column":6},"end":{"line":65,"column":78}}]}},"s":{"0":1,"1":1,"2":1,"3":1,"4":1,"5":1,"6":1,"7":1,"8":1,"9":0,"10":1,"11":1,"12":0,"13":0,"14":0,"15":0,"16":0,"17":0,"18":0,"19":0,"20":0,"21":0,"22":0,"23":0,"24":0,"25":0,"26":0,"27":0,"28":0,"29":1},"f":{"0":1,"1":1,"2":0,"3":0},"b":{"0":[0],"1":[0],"2":[0],"3":[0]}}
,"/Users/pawelm/DesktopOnlyDocs/projects/paymento_tasks/src/auth/service/jwt.service.ts": {"path":"/Users/pawelm/DesktopOnlyDocs/projects/paymento_tasks/src/auth/service/jwt.service.ts","statementMap":{"0":{"start":{"line":1,"column":0},"end":{"line":1,"column":61}},"1":{"start":{"line":2,"column":0},"end":{"line":2,"column":37}},"2":{"start":{"line":5,"column":0},"end":{"line":5,"column":9}},"3":{"start":{"line":14,"column":4},"end":{"line":32,"column":7}},"4":{"start":{"line":15,"column":6},"end":{"line":15,"column":78}},"5":{"start":{"line":15,"column":35},"end":{"line":15,"column":78}},"6":{"start":{"line":16,"column":6},"end":{"line":17,"column":74}},"7":{"start":{"line":17,"column":8},"end":{"line":17,"column":74}},"8":{"start":{"line":19,"column":6},"end":{"line":31,"column":8}},"9":{"start":{"line":26,"column":10},"end":{"line":28,"column":null}},"10":{"start":{"line":27,"column":12},"end":{"line":27,"column":57}},"11":{"start":{"line":29,"column":10},"end":{"line":29,"column":25}},"12":{"start":{"line":36,"column":4},"end":{"line":49,"column":7}},"13":{"start":{"line":37,"column":6},"end":{"line":37,"column":78}},"14":{"start":{"line":37,"column":35},"end":{"line":37,"column":78}},"15":{"start":{"line":39,"column":6},"end":{"line":48,"column":8}},"16":{"start":{"line":43,"column":10},"end":{"line":45,"column":null}},"17":{"start":{"line":44,"column":12},"end":{"line":44,"column":31}},"18":{"start":{"line":46,"column":10},"end":{"line":46,"column":42}},"19":{"start":{"line":12,"column":0},"end":{"line":12,"column":13}}},"fnMap":{"0":{"name":"(anonymous_1)","decl":{"start":{"line":13,"column":2},"end":{"line":13,"column":8}},"loc":{"start":{"line":13,"column":58},"end":{"line":33,"column":3}}},"1":{"name":"(anonymous_2)","decl":{"start":{"line":14,"column":23},"end":{"line":14,"column":24}},"loc":{"start":{"line":14,"column":43},"end":{"line":32,"column":5}}},"2":{"name":"(anonymous_3)","decl":{"start":{"line":25,"column":8},"end":{"line":25,"column":9}},"loc":{"start":{"line":25,"column":23},"end":{"line":30,"column":9}}},"3":{"name":"(anonymous_4)","decl":{"start":{"line":35,"column":2},"end":{"line":35,"column":8}},"loc":{"start":{"line":35,"column":29},"end":{"line":50,"column":3}}},"4":{"name":"(anonymous_5)","decl":{"start":{"line":36,"column":23},"end":{"line":36,"column":24}},"loc":{"start":{"line":36,"column":43},"end":{"line":49,"column":5}}},"5":{"name":"(anonymous_6)","decl":{"start":{"line":42,"column":8},"end":{"line":42,"column":9}},"loc":{"start":{"line":42,"column":78},"end":{"line":47,"column":9}}}},"branchMap":{"0":{"loc":{"start":{"line":15,"column":6},"end":{"line":15,"column":78}},"type":"if","locations":[{"start":{"line":15,"column":6},"end":{"line":15,"column":78}}]},"1":{"loc":{"start":{"line":16,"column":6},"end":{"line":17,"column":74}},"type":"if","locations":[{"start":{"line":16,"column":6},"end":{"line":17,"column":74}}]},"2":{"loc":{"start":{"line":16,"column":10},"end":{"line":16,"column":46}},"type":"binary-expr","locations":[{"start":{"line":16,"column":10},"end":{"line":16,"column":37}},{"start":{"line":16,"column":41},"end":{"line":16,"column":46}}]},"3":{"loc":{"start":{"line":23,"column":21},"end":{"line":23,"column":55}},"type":"binary-expr","locations":[{"start":{"line":23,"column":21},"end":{"line":23,"column":25}},{"start":{"line":23,"column":29},"end":{"line":23,"column":55}}]},"4":{"loc":{"start":{"line":26,"column":10},"end":{"line":28,"column":null}},"type":"if","locations":[{"start":{"line":26,"column":10},"end":{"line":28,"column":null}}]},"5":{"loc":{"start":{"line":26,"column":14},"end":{"line":26,"column":27}},"type":"binary-expr","locations":[{"start":{"line":26,"column":14},"end":{"line":26,"column":17}},{"start":{"line":26,"column":21},"end":{"line":26,"column":27}}]},"6":{"loc":{"start":{"line":27,"column":26},"end":{"line":27,"column":55}},"type":"binary-expr","locations":[{"start":{"line":27,"column":26},"end":{"line":27,"column":29}},{"start":{"line":27,"column":33},"end":{"line":27,"column":55}}]},"7":{"loc":{"start":{"line":37,"column":6},"end":{"line":37,"column":78}},"type":"if","locations":[{"start":{"line":37,"column":6},"end":{"line":37,"column":78}}]},"8":{"loc":{"start":{"line":43,"column":10},"end":{"line":45,"column":null}},"type":"if","locations":[{"start":{"line":43,"column":10},"end":{"line":45,"column":null}}]}},"s":{"0":1,"1":1,"2":1,"3":0,"4":0,"5":0,"6":0,"7":0,"8":0,"9":0,"10":0,"11":0,"12":0,"13":0,"14":0,"15":0,"16":0,"17":0,"18":0,"19":1},"f":{"0":0,"1":0,"2":0,"3":0,"4":0,"5":0},"b":{"0":[0],"1":[0],"2":[0,0],"3":[0,0],"4":[0],"5":[0,0],"6":[0,0],"7":[0],"8":[0]}}
,"/Users/pawelm/DesktopOnlyDocs/projects/paymento_tasks/src/auth/service/__test__/auth-tests.config.ts": {"path":"/Users/pawelm/DesktopOnlyDocs/projects/paymento_tasks/src/auth/service/__test__/auth-tests.config.ts","statementMap":{"0":{"start":{"line":9,"column":33},"end":{"line":12,"column":4}},"1":{"start":{"line":14,"column":32},"end":{"line":16,"column":4}},"2":{"start":{"line":18,"column":36},"end":{"line":18,"column":60}},"3":{"start":{"line":20,"column":38},"end":{"line":22,"column":27}},"4":{"start":{"line":24,"column":40},"end":{"line":24,"column":76}},"5":{"start":{"line":27,"column":4},"end":{"line":27,"column":64}},"6":{"start":{"line":8,"column":0},"end":{"line":8,"column":13}}},"fnMap":{"0":{"name":"(anonymous_0)","decl":{"start":{"line":26,"column":9},"end":{"line":26,"column":36}},"loc":{"start":{"line":26,"column":49},"end":{"line":28,"column":3}}}},"branchMap":{},"s":{"0":1,"1":1,"2":1,"3":1,"4":1,"5":1,"6":1},"f":{"0":1},"b":{}}
,"/Users/pawelm/DesktopOnlyDocs/projects/paymento_tasks/src/data-source/mySQL.data-source.ts": {"path":"/Users/pawelm/DesktopOnlyDocs/projects/paymento_tasks/src/data-source/mySQL.data-source.ts","statementMap":{"0":{"start":{"line":1,"column":0},"end":{"line":1,"column":37}},"1":{"start":{"line":2,"column":0},"end":{"line":2,"column":37}},"2":{"start":{"line":4,"column":0},"end":{"line":4,"column":9}},"3":{"start":{"line":6,"column":13},"end":{"line":16,"column":3}}},"fnMap":{},"branchMap":{"0":{"loc":{"start":{"line":9,"column":10},"end":{"line":9,"column":37}},"type":"binary-expr","locations":[{"start":{"line":9,"column":10},"end":{"line":9,"column":29}},{"start":{"line":9,"column":33},"end":{"line":9,"column":37}}]}},"s":{"0":0,"1":0,"2":0,"3":0},"f":{},"b":{"0":[0,0]}}
,"/Users/pawelm/DesktopOnlyDocs/projects/paymento_tasks/src/data-source/redis.data-source.ts": {"path":"/Users/pawelm/DesktopOnlyDocs/projects/paymento_tasks/src/data-source/redis.data-source.ts","statementMap":{"0":{"start":{"line":1,"column":0},"end":{"line":1,"column":54}},"1":{"start":{"line":3,"column":13},"end":{"line":3,"column":59}}},"fnMap":{},"branchMap":{},"s":{"0":1,"1":1},"f":{},"b":{}}
,"/Users/pawelm/DesktopOnlyDocs/projects/paymento_tasks/src/exceptions/bad-request.exception.ts": {"path":"/Users/pawelm/DesktopOnlyDocs/projects/paymento_tasks/src/exceptions/bad-request.exception.ts","statementMap":{"0":{"start":{"line":1,"column":0},"end":{"line":1,"column":49}},"1":{"start":{"line":6,"column":4},"end":{"line":6,"column":65}},"2":{"start":{"line":5,"column":23},"end":{"line":5,"column":76}},"3":{"start":{"line":4,"column":0},"end":{"line":4,"column":13}}},"fnMap":{"0":{"name":"(anonymous_0)","decl":{"start":{"line":5,"column":2},"end":{"line":5,"column":23}},"loc":{"start":{"line":5,"column":76},"end":{"line":7,"column":3}}}},"branchMap":{},"s":{"0":0,"1":0,"2":0,"3":0},"f":{"0":0},"b":{}}
,"/Users/pawelm/DesktopOnlyDocs/projects/paymento_tasks/src/exceptions/forbidden.exception.ts": {"path":"/Users/pawelm/DesktopOnlyDocs/projects/paymento_tasks/src/exceptions/forbidden.exception.ts","statementMap":{"0":{"start":{"line":1,"column":0},"end":{"line":1,"column":49}},"1":{"start":{"line":5,"column":4},"end":{"line":5,"column":40}},"2":{"start":{"line":4,"column":23},"end":{"line":4,"column":38}},"3":{"start":{"line":4,"column":49},"end":{"line":4,"column":76}},"4":{"start":{"line":3,"column":0},"end":{"line":3,"column":13}}},"fnMap":{"0":{"name":"(anonymous_0)","decl":{"start":{"line":4,"column":2},"end":{"line":4,"column":23}},"loc":{"start":{"line":4,"column":76},"end":{"line":6,"column":3}}}},"branchMap":{},"s":{"0":0,"1":0,"2":0,"3":0,"4":0},"f":{"0":0},"b":{}}
,"/Users/pawelm/DesktopOnlyDocs/projects/paymento_tasks/src/exceptions/http.exception.ts": {"path":"/Users/pawelm/DesktopOnlyDocs/projects/paymento_tasks/src/exceptions/http.exception.ts","statementMap":{"0":{"start":{"line":7,"column":4},"end":{"line":7,"column":30}},"1":{"start":{"line":3,"column":13},"end":{"line":3,"column":28}},"2":{"start":{"line":4,"column":13},"end":{"line":4,"column":25}},"3":{"start":{"line":5,"column":13},"end":{"line":5,"column":26}},"4":{"start":{"line":1,"column":0},"end":{"line":1,"column":13}}},"fnMap":{"0":{"name":"(anonymous_0)","decl":{"start":{"line":2,"column":2},"end":{"line":2,"column":null}},"loc":{"start":{"line":5,"column":26},"end":{"line":8,"column":3}}}},"branchMap":{},"s":{"0":0,"1":0,"2":0,"3":0,"4":1},"f":{"0":0},"b":{}}
,"/Users/pawelm/DesktopOnlyDocs/projects/paymento_tasks/src/exceptions/not-found.exception.ts": {"path":"/Users/pawelm/DesktopOnlyDocs/projects/paymento_tasks/src/exceptions/not-found.exception.ts","statementMap":{"0":{"start":{"line":1,"column":0},"end":{"line":1,"column":49}},"1":{"start":{"line":5,"column":4},"end":{"line":5,"column":50}},"2":{"start":{"line":4,"column":23},"end":{"line":4,"column":50}},"3":{"start":{"line":3,"column":0},"end":{"line":3,"column":13}}},"fnMap":{"0":{"name":"(anonymous_0)","decl":{"start":{"line":4,"column":2},"end":{"line":4,"column":23}},"loc":{"start":{"line":4,"column":50},"end":{"line":6,"column":3}}}},"branchMap":{},"s":{"0":0,"1":0,"2":0,"3":0},"f":{"0":0},"b":{}}
,"/Users/pawelm/DesktopOnlyDocs/projects/paymento_tasks/src/exceptions/unauthorized.exception.ts": {"path":"/Users/pawelm/DesktopOnlyDocs/projects/paymento_tasks/src/exceptions/unauthorized.exception.ts","statementMap":{"0":{"start":{"line":1,"column":0},"end":{"line":1,"column":49}},"1":{"start":{"line":5,"column":4},"end":{"line":5,"column":40}},"2":{"start":{"line":4,"column":23},"end":{"line":4,"column":38}},"3":{"start":{"line":4,"column":49},"end":{"line":4,"column":76}},"4":{"start":{"line":3,"column":0},"end":{"line":3,"column":13}}},"fnMap":{"0":{"name":"(anonymous_0)","decl":{"start":{"line":4,"column":2},"end":{"line":4,"column":23}},"loc":{"start":{"line":4,"column":76},"end":{"line":6,"column":3}}}},"branchMap":{},"s":{"0":1,"1":0,"2":0,"3":0,"4":1},"f":{"0":0},"b":{}}
,"/Users/pawelm/DesktopOnlyDocs/projects/paymento_tasks/src/exceptions/middlewares/404.middleware.ts": {"path":"/Users/pawelm/DesktopOnlyDocs/projects/paymento_tasks/src/exceptions/middlewares/404.middleware.ts","statementMap":{"0":{"start":{"line":1,"column":0},"end":{"line":1,"column":73}},"1":{"start":{"line":4,"column":29},"end":{"line":10,"column":1}},"2":{"start":{"line":9,"column":2},"end":{"line":9,"column":32}},"3":{"start":{"line":4,"column":13},"end":{"line":4,"column":29}}},"fnMap":{"0":{"name":"(anonymous_0)","decl":{"start":{"line":4,"column":29},"end":{"line":4,"column":null}},"loc":{"start":{"line":8,"column":4},"end":{"line":10,"column":1}}}},"branchMap":{},"s":{"0":0,"1":0,"2":0,"3":0},"f":{"0":0},"b":{}}
,"/Users/pawelm/DesktopOnlyDocs/projects/paymento_tasks/src/exceptions/middlewares/app-exception.middleware.ts": {"path":"/Users/pawelm/DesktopOnlyDocs/projects/paymento_tasks/src/exceptions/middlewares/app-exception.middleware.ts","statementMap":{"0":{"start":{"line":4,"column":0},"end":{"line":4,"column":77}},"1":{"start":{"line":6,"column":38},"end":{"line":28,"column":1}},"2":{"start":{"line":12,"column":2},"end":{"line":16,"column":4}},"3":{"start":{"line":18,"column":2},"end":{"line":19,"column":57}},"4":{"start":{"line":19,"column":4},"end":{"line":19,"column":57}},"5":{"start":{"line":21,"column":2},"end":{"line":25,"column":7}},"6":{"start":{"line":22,"column":4},"end":{"line":25,"column":7}},"7":{"start":{"line":27,"column":2},"end":{"line":27,"column":52}},"8":{"start":{"line":6,"column":13},"end":{"line":6,"column":38}}},"fnMap":{"0":{"name":"(anonymous_0)","decl":{"start":{"line":6,"column":38},"end":{"line":6,"column":null}},"loc":{"start":{"line":11,"column":4},"end":{"line":28,"column":1}}}},"branchMap":{"0":{"loc":{"start":{"line":14,"column":4},"end":{"line":14,"column":68}},"type":"cond-expr","locations":[{"start":{"line":14,"column":30},"end":{"line":14,"column":60}},{"start":{"line":14,"column":63},"end":{"line":14,"column":68}}]},"1":{"loc":{"start":{"line":18,"column":2},"end":{"line":19,"column":57}},"type":"if","locations":[{"start":{"line":18,"column":2},"end":{"line":19,"column":57}}]},"2":{"loc":{"start":{"line":18,"column":6},"end":{"line":18,"column":53}},"type":"binary-expr","locations":[{"start":{"line":18,"column":6},"end":{"line":18,"column":18}},{"start":{"line":18,"column":22},"end":{"line":18,"column":53}}]},"3":{"loc":{"start":{"line":21,"column":2},"end":{"line":25,"column":7}},"type":"if","locations":[{"start":{"line":21,"column":2},"end":{"line":25,"column":7}}]}},"s":{"0":0,"1":0,"2":0,"3":0,"4":0,"5":0,"6":0,"7":0,"8":0},"f":{"0":0},"b":{"0":[0,0],"1":[0],"2":[0,0],"3":[0]}}
,"/Users/pawelm/DesktopOnlyDocs/projects/paymento_tasks/src/tasks/dto/task-create-req.dto.ts": {"path":"/Users/pawelm/DesktopOnlyDocs/projects/paymento_tasks/src/tasks/dto/task-create-req.dto.ts","statementMap":{"0":{"start":{"line":1,"column":0},"end":{"line":1,"column":46}},"1":{"start":{"line":2,"column":0},"end":{"line":2,"column":59}},"2":{"start":{"line":5,"column":2},"end":{"line":7,"column":null}},"3":{"start":{"line":9,"column":2},"end":{"line":11,"column":null}},"4":{"start":{"line":13,"column":2},"end":{"line":15,"column":null}},"5":{"start":{"line":13,"column":28},"end":{"line":13,"column":43}},"6":{"start":{"line":17,"column":2},"end":{"line":19,"column":null}},"7":{"start":{"line":17,"column":28},"end":{"line":17,"column":43}},"8":{"start":{"line":4,"column":0},"end":{"line":4,"column":13}}},"fnMap":{"0":{"name":"(anonymous_2)","decl":{"start":{"line":13,"column":13},"end":{"line":13,"column":14}},"loc":{"start":{"line":13,"column":28},"end":{"line":13,"column":43}}},"1":{"name":"(anonymous_3)","decl":{"start":{"line":17,"column":13},"end":{"line":17,"column":14}},"loc":{"start":{"line":17,"column":28},"end":{"line":17,"column":43}}}},"branchMap":{},"s":{"0":0,"1":0,"2":0,"3":0,"4":0,"5":0,"6":0,"7":0,"8":0},"f":{"0":0,"1":0},"b":{}}
,"/Users/pawelm/DesktopOnlyDocs/projects/paymento_tasks/src/tasks/dto/task-req-param.dto.ts": {"path":"/Users/pawelm/DesktopOnlyDocs/projects/paymento_tasks/src/tasks/dto/task-req-param.dto.ts","statementMap":{"0":{"start":{"line":1,"column":0},"end":{"line":1,"column":46}},"1":{"start":{"line":2,"column":0},"end":{"line":2,"column":43}},"2":{"start":{"line":5,"column":2},"end":{"line":7,"column":null}},"3":{"start":{"line":5,"column":28},"end":{"line":5,"column":41}},"4":{"start":{"line":4,"column":0},"end":{"line":4,"column":13}}},"fnMap":{"0":{"name":"(anonymous_2)","decl":{"start":{"line":5,"column":13},"end":{"line":5,"column":14}},"loc":{"start":{"line":5,"column":28},"end":{"line":5,"column":41}}}},"branchMap":{},"s":{"0":0,"1":0,"2":0,"3":0,"4":0},"f":{"0":0},"b":{}}
,"/Users/pawelm/DesktopOnlyDocs/projects/paymento_tasks/src/tasks/dto/task-res-dto.mapper.ts": {"path":"/Users/pawelm/DesktopOnlyDocs/projects/paymento_tasks/src/tasks/dto/task-res-dto.mapper.ts","statementMap":{"0":{"start":{"line":2,"column":0},"end":{"line":2,"column":71}},"1":{"start":{"line":5,"column":32},"end":{"line":13,"column":2}},"2":{"start":{"line":5,"column":61},"end":{"line":13,"column":2}},"3":{"start":{"line":5,"column":13},"end":{"line":5,"column":32}}},"fnMap":{"0":{"name":"(anonymous_0)","decl":{"start":{"line":5,"column":32},"end":{"line":5,"column":33}},"loc":{"start":{"line":5,"column":61},"end":{"line":13,"column":2}}}},"branchMap":{},"s":{"0":0,"1":0,"2":0,"3":0},"f":{"0":0},"b":{}}
,"/Users/pawelm/DesktopOnlyDocs/projects/paymento_tasks/src/tasks/dto/task-update-req.dto.ts": {"path":"/Users/pawelm/DesktopOnlyDocs/projects/paymento_tasks/src/tasks/dto/task-update-req.dto.ts","statementMap":{"0":{"start":{"line":1,"column":0},"end":{"line":1,"column":46}},"1":{"start":{"line":2,"column":0},"end":{"line":2,"column":79}},"2":{"start":{"line":3,"column":0},"end":{"line":3,"column":65}},"3":{"start":{"line":6,"column":2},"end":{"line":9,"column":null}},"4":{"start":{"line":11,"column":2},"end":{"line":14,"column":null}},"5":{"start":{"line":16,"column":2},"end":{"line":19,"column":null}},"6":{"start":{"line":16,"column":28},"end":{"line":16,"column":43}},"7":{"start":{"line":21,"column":2},"end":{"line":24,"column":null}},"8":{"start":{"line":21,"column":28},"end":{"line":21,"column":43}},"9":{"start":{"line":26,"column":2},"end":{"line":28,"column":null}},"10":{"start":{"line":5,"column":0},"end":{"line":5,"column":13}}},"fnMap":{"0":{"name":"(anonymous_2)","decl":{"start":{"line":16,"column":13},"end":{"line":16,"column":14}},"loc":{"start":{"line":16,"column":28},"end":{"line":16,"column":43}}},"1":{"name":"(anonymous_3)","decl":{"start":{"line":21,"column":13},"end":{"line":21,"column":14}},"loc":{"start":{"line":21,"column":28},"end":{"line":21,"column":43}}}},"branchMap":{},"s":{"0":0,"1":0,"2":0,"3":0,"4":0,"5":0,"6":0,"7":0,"8":0,"9":0,"10":0},"f":{"0":0,"1":0},"b":{}}
,"/Users/pawelm/DesktopOnlyDocs/projects/paymento_tasks/src/tasks/dto/tasks-get-query.dto.ts": {"path":"/Users/pawelm/DesktopOnlyDocs/projects/paymento_tasks/src/tasks/dto/tasks-get-query.dto.ts","statementMap":{"0":{"start":{"line":1,"column":0},"end":{"line":1,"column":46}},"1":{"start":{"line":2,"column":0},"end":{"line":2,"column":79}},"2":{"start":{"line":3,"column":0},"end":{"line":3,"column":65}},"3":{"start":{"line":9,"column":9},"end":{"line":9,"column":10}},"4":{"start":{"line":14,"column":9},"end":{"line":14,"column":11}},"5":{"start":{"line":18,"column":10},"end":{"line":18,"column":16}},"6":{"start":{"line":22,"column":12},"end":{"line":22,"column":23}},"7":{"start":{"line":6,"column":2},"end":{"line":9,"column":null}},"8":{"start":{"line":6,"column":28},"end":{"line":6,"column":41}},"9":{"start":{"line":11,"column":2},"end":{"line":14,"column":null}},"10":{"start":{"line":11,"column":28},"end":{"line":11,"column":41}},"11":{"start":{"line":16,"column":2},"end":{"line":18,"column":null}},"12":{"start":{"line":20,"column":2},"end":{"line":22,"column":null}},"13":{"start":{"line":24,"column":2},"end":{"line":26,"column":null}},"14":{"start":{"line":28,"column":2},"end":{"line":30,"column":null}},"15":{"start":{"line":5,"column":0},"end":{"line":5,"column":13}}},"fnMap":{"0":{"name":"(anonymous_2)","decl":{"start":{"line":6,"column":13},"end":{"line":6,"column":14}},"loc":{"start":{"line":6,"column":28},"end":{"line":6,"column":41}}},"1":{"name":"(anonymous_3)","decl":{"start":{"line":11,"column":13},"end":{"line":11,"column":14}},"loc":{"start":{"line":11,"column":28},"end":{"line":11,"column":41}}}},"branchMap":{},"s":{"0":0,"1":0,"2":0,"3":0,"4":0,"5":0,"6":0,"7":0,"8":0,"9":0,"10":0,"11":0,"12":0,"13":0,"14":0,"15":0},"f":{"0":0,"1":0},"b":{}}
,"/Users/pawelm/DesktopOnlyDocs/projects/paymento_tasks/src/tasks/entity/task.entity.ts": {"path":"/Users/pawelm/DesktopOnlyDocs/projects/paymento_tasks/src/tasks/entity/task.entity.ts","statementMap":{"0":{"start":{"line":1,"column":0},"end":{"line":1,"column":76}},"1":{"start":{"line":2,"column":0},"end":{"line":2,"column":65}},"2":{"start":{"line":3,"column":0},"end":{"line":3,"column":54}},"3":{"start":{"line":6,"column":7},"end":{"line":39,"column":null}},"4":{"start":{"line":7,"column":2},"end":{"line":8,"column":null}},"5":{"start":{"line":10,"column":2},"end":{"line":11,"column":null}},"6":{"start":{"line":13,"column":2},"end":{"line":14,"column":null}},"7":{"start":{"line":16,"column":2},"end":{"line":17,"column":null}},"8":{"start":{"line":19,"column":2},"end":{"line":20,"column":null}},"9":{"start":{"line":22,"column":2},"end":{"line":23,"column":null}},"10":{"start":{"line":25,"column":2},"end":{"line":26,"column":null}},"11":{"start":{"line":28,"column":2},"end":{"line":29,"column":null}},"12":{"start":{"line":31,"column":2},"end":{"line":32,"column":null}},"13":{"start":{"line":34,"column":2},"end":{"line":35,"column":null}},"14":{"start":{"line":37,"column":2},"end":{"line":38,"column":null}},"15":{"start":{"line":37,"column":19},"end":{"line":37,"column":23}},"16":{"start":{"line":37,"column":35},"end":{"line":37,"column":45}},"17":{"start":{"line":6,"column":13},"end":{"line":39,"column":null}},"18":{"start":{"line":6,"column":13},"end":{"line":6,"column":17}}},"fnMap":{"0":{"name":"(anonymous_2)","decl":{"start":{"line":37,"column":13},"end":{"line":37,"column":16}},"loc":{"start":{"line":37,"column":19},"end":{"line":37,"column":23}}},"1":{"name":"(anonymous_3)","decl":{"start":{"line":37,"column":25},"end":{"line":37,"column":26}},"loc":{"start":{"line":37,"column":35},"end":{"line":37,"column":45}}}},"branchMap":{},"s":{"0":0,"1":0,"2":0,"3":0,"4":0,"5":0,"6":0,"7":0,"8":0,"9":0,"10":0,"11":0,"12":0,"13":0,"14":0,"15":0,"16":0,"17":0,"18":0},"f":{"0":0,"1":0},"b":{}}
,"/Users/pawelm/DesktopOnlyDocs/projects/paymento_tasks/src/tasks/router/tasks.router.ts": {"path":"/Users/pawelm/DesktopOnlyDocs/projects/paymento_tasks/src/tasks/router/tasks.router.ts","statementMap":{"0":{"start":{"line":3,"column":0},"end":{"line":3,"column":67}},"1":{"start":{"line":4,"column":0},"end":{"line":4,"column":65}},"2":{"start":{"line":5,"column":0},"end":{"line":5,"column":91}},"3":{"start":{"line":6,"column":0},"end":{"line":6,"column":71}},"4":{"start":{"line":7,"column":0},"end":{"line":7,"column":71}},"5":{"start":{"line":8,"column":0},"end":{"line":8,"column":69}},"6":{"start":{"line":9,"column":0},"end":{"line":9,"column":71}},"7":{"start":{"line":13,"column":21},"end":{"line":13,"column":35}},"8":{"start":{"line":14,"column":21},"end":{"line":14,"column":36}},"9":{"start":{"line":15,"column":21},"end":{"line":15,"column":42}},"10":{"start":{"line":16,"column":21},"end":{"line":16,"column":41}},"11":{"start":{"line":17,"column":21},"end":{"line":17,"column":42}},"12":{"start":{"line":21,"column":4},"end":{"line":26,"column":6}},"13":{"start":{"line":25,"column":8},"end":{"line":25,"column":50}},"14":{"start":{"line":28,"column":4},"end":{"line":33,"column":6}},"15":{"start":{"line":32,"column":8},"end":{"line":32,"column":53}},"16":{"start":{"line":35,"column":4},"end":{"line":40,"column":6}},"17":{"start":{"line":39,"column":8},"end":{"line":39,"column":52}},"18":{"start":{"line":42,"column":4},"end":{"line":48,"column":6}},"19":{"start":{"line":47,"column":8},"end":{"line":47,"column":52}},"20":{"start":{"line":50,"column":4},"end":{"line":55,"column":6}},"21":{"start":{"line":54,"column":8},"end":{"line":54,"column":52}},"22":{"start":{"line":11,"column":0},"end":{"line":11,"column":13}}},"fnMap":{"0":{"name":"(anonymous_0)","decl":{"start":{"line":12,"column":2},"end":{"line":12,"column":null}},"loc":{"start":{"line":17,"column":82},"end":{"line":18,"column":6}}},"1":{"name":"(anonymous_1)","decl":{"start":{"line":20,"column":9},"end":{"line":20,"column":24}},"loc":{"start":{"line":20,"column":24},"end":{"line":56,"column":3}}},"2":{"name":"(anonymous_2)","decl":{"start":{"line":24,"column":6},"end":{"line":24,"column":7}},"loc":{"start":{"line":25,"column":8},"end":{"line":25,"column":50}}},"3":{"name":"(anonymous_3)","decl":{"start":{"line":31,"column":6},"end":{"line":31,"column":7}},"loc":{"start":{"line":32,"column":8},"end":{"line":32,"column":53}}},"4":{"name":"(anonymous_4)","decl":{"start":{"line":38,"column":6},"end":{"line":38,"column":7}},"loc":{"start":{"line":39,"column":8},"end":{"line":39,"column":52}}},"5":{"name":"(anonymous_5)","decl":{"start":{"line":46,"column":6},"end":{"line":46,"column":7}},"loc":{"start":{"line":47,"column":8},"end":{"line":47,"column":52}}},"6":{"name":"(anonymous_6)","decl":{"start":{"line":53,"column":6},"end":{"line":53,"column":7}},"loc":{"start":{"line":54,"column":8},"end":{"line":54,"column":52}}}},"branchMap":{"0":{"loc":{"start":{"line":14,"column":21},"end":{"line":14,"column":54}},"type":"default-arg","locations":[{"start":{"line":14,"column":36},"end":{"line":14,"column":54}}]},"1":{"loc":{"start":{"line":15,"column":21},"end":{"line":15,"column":82}},"type":"default-arg","locations":[{"start":{"line":15,"column":42},"end":{"line":15,"column":82}}]},"2":{"loc":{"start":{"line":16,"column":21},"end":{"line":16,"column":80}},"type":"default-arg","locations":[{"start":{"line":16,"column":41},"end":{"line":16,"column":80}}]},"3":{"loc":{"start":{"line":17,"column":21},"end":{"line":17,"column":82}},"type":"default-arg","locations":[{"start":{"line":17,"column":42},"end":{"line":17,"column":82}}]}},"s":{"0":0,"1":0,"2":0,"3":0,"4":0,"5":0,"6":0,"7":0,"8":0,"9":0,"10":0,"11":0,"12":0,"13":0,"14":0,"15":0,"16":0,"17":0,"18":0,"19":0,"20":0,"21":0,"22":0},"f":{"0":0,"1":0,"2":0,"3":0,"4":0,"5":0,"6":0},"b":{"0":[0],"1":[0],"2":[0],"3":[0]}}
,"/Users/pawelm/DesktopOnlyDocs/projects/paymento_tasks/src/tasks/routes/tasks-routes.enum.ts": {"path":"/Users/pawelm/DesktopOnlyDocs/projects/paymento_tasks/src/tasks/routes/tasks-routes.enum.ts","statementMap":{"0":{"start":{"line":1,"column":0},"end":{"line":1,"column":null}},"1":{"start":{"line":2,"column":2},"end":{"line":2,"column":null}},"2":{"start":{"line":3,"column":2},"end":{"line":3,"column":null}}},"fnMap":{"0":{"name":"(anonymous_0)","decl":{"start":{"line":1,"column":0},"end":{"line":1,"column":12}},"loc":{"start":{"line":1,"column":23},"end":{"line":4,"column":1}}}},"branchMap":{"0":{"loc":{"start":{"line":1,"column":12},"end":{"line":1,"column":null}},"type":"binary-expr","locations":[{"start":{"line":1,"column":12},"end":{"line":1,"column":23}},{"start":{"line":1,"column":12},"end":{"line":1,"column":null}}]}},"s":{"0":0,"1":0,"2":0},"f":{"0":0},"b":{"0":[0,0]}}
,"/Users/pawelm/DesktopOnlyDocs/projects/paymento_tasks/src/tasks/service/tesks.service.ts": {"path":"/Users/pawelm/DesktopOnlyDocs/projects/paymento_tasks/src/tasks/service/tesks.service.ts","statementMap":{"0":{"start":{"line":2,"column":0},"end":{"line":2,"column":52}},"1":{"start":{"line":5,"column":0},"end":{"line":5,"column":70}},"2":{"start":{"line":6,"column":0},"end":{"line":6,"column":54}},"3":{"start":{"line":7,"column":0},"end":{"line":7,"column":71}},"4":{"start":{"line":8,"column":0},"end":{"line":8,"column":73}},"5":{"start":{"line":9,"column":0},"end":{"line":9,"column":74}},"6":{"start":{"line":10,"column":0},"end":{"line":10,"column":65}},"7":{"start":{"line":11,"column":0},"end":{"line":11,"column":71}},"8":{"start":{"line":12,"column":0},"end":{"line":12,"column":71}},"9":{"start":{"line":13,"column":0},"end":{"line":13,"column":69}},"10":{"start":{"line":14,"column":0},"end":{"line":14,"column":71}},"11":{"start":{"line":17,"column":35},"end":{"line":17,"column":70}},"12":{"start":{"line":24,"column":4},"end":{"line":38,"column":null}},"13":{"start":{"line":26,"column":8},"end":{"line":26,"column":52}},"14":{"start":{"line":28,"column":28},"end":{"line":34,"column":8}},"15":{"start":{"line":35,"column":6},"end":{"line":35,"column":60}},"16":{"start":{"line":35,"column":35},"end":{"line":35,"column":57}},"17":{"start":{"line":37,"column":6},"end":{"line":37,"column":18}},"18":{"start":{"line":46,"column":4},"end":{"line":59,"column":null}},"19":{"start":{"line":47,"column":21},"end":{"line":47,"column":65}},"20":{"start":{"line":49,"column":32},"end":{"line":52,"column":8}},"21":{"start":{"line":54,"column":6},"end":{"line":54,"column":47}},"22":{"start":{"line":54,"column":17},"end":{"line":54,"column":47}},"23":{"start":{"line":56,"column":6},"end":{"line":56,"column":39}},"24":{"start":{"line":58,"column":6},"end":{"line":58,"column":18}},"25":{"start":{"line":67,"column":4},"end":{"line":81,"column":null}},"26":{"start":{"line":68,"column":31},"end":{"line":68,"column":74}},"27":{"start":{"line":70,"column":25},"end":{"line":76,"column":8}},"28":{"start":{"line":78,"column":6},"end":{"line":78,"column":39}},"29":{"start":{"line":80,"column":6},"end":{"line":80,"column":18}},"30":{"start":{"line":89,"column":4},"end":{"line":112,"column":null}},"31":{"start":{"line":90,"column":21},"end":{"line":90,"column":65}},"32":{"start":{"line":92,"column":31},"end":{"line":94,"column":8}},"33":{"start":{"line":96,"column":32},"end":{"line":99,"column":8}},"34":{"start":{"line":100,"column":6},"end":{"line":100,"column":47}},"35":{"start":{"line":100,"column":17},"end":{"line":100,"column":47}},"36":{"start":{"line":102,"column":32},"end":{"line":107,"column":8}},"37":{"start":{"line":109,"column":6},"end":{"line":109,"column":46}},"38":{"start":{"line":111,"column":6},"end":{"line":111,"column":18}},"39":{"start":{"line":120,"column":4},"end":{"line":136,"column":null}},"40":{"start":{"line":121,"column":21},"end":{"line":121,"column":65}},"41":{"start":{"line":123,"column":32},"end":{"line":126,"column":8}},"42":{"start":{"line":127,"column":6},"end":{"line":127,"column":47}},"43":{"start":{"line":127,"column":17},"end":{"line":127,"column":47}},"44":{"start":{"line":128,"column":6},"end":{"line":129,"column":72}},"45":{"start":{"line":129,"column":8},"end":{"line":129,"column":72}},"46":{"start":{"line":131,"column":6},"end":{"line":131,"column":44}},"47":{"start":{"line":133,"column":6},"end":{"line":133,"column":39}},"48":{"start":{"line":135,"column":6},"end":{"line":135,"column":18}},"49":{"start":{"line":16,"column":0},"end":{"line":16,"column":13}}},"fnMap":{"0":{"name":"(anonymous_0)","decl":{"start":{"line":19,"column":9},"end":{"line":19,"column":14}},"loc":{"start":{"line":22,"column":22},"end":{"line":39,"column":3}}},"1":{"name":"(anonymous_1)","decl":{"start":{"line":35,"column":25},"end":{"line":35,"column":26}},"loc":{"start":{"line":35,"column":35},"end":{"line":35,"column":57}}},"2":{"name":"(anonymous_2)","decl":{"start":{"line":41,"column":9},"end":{"line":41,"column":14}},"loc":{"start":{"line":44,"column":22},"end":{"line":60,"column":3}}},"3":{"name":"(anonymous_3)","decl":{"start":{"line":62,"column":9},"end":{"line":62,"column":14}},"loc":{"start":{"line":65,"column":22},"end":{"line":82,"column":3}}},"4":{"name":"(anonymous_4)","decl":{"start":{"line":84,"column":9},"end":{"line":84,"column":14}},"loc":{"start":{"line":87,"column":22},"end":{"line":113,"column":3}}},"5":{"name":"(anonymous_5)","decl":{"start":{"line":115,"column":9},"end":{"line":115,"column":14}},"loc":{"start":{"line":118,"column":22},"end":{"line":137,"column":3}}}},"branchMap":{"0":{"loc":{"start":{"line":54,"column":6},"end":{"line":54,"column":47}},"type":"if","locations":[{"start":{"line":54,"column":6},"end":{"line":54,"column":47}}]},"1":{"loc":{"start":{"line":100,"column":6},"end":{"line":100,"column":47}},"type":"if","locations":[{"start":{"line":100,"column":6},"end":{"line":100,"column":47}}]},"2":{"loc":{"start":{"line":127,"column":6},"end":{"line":127,"column":47}},"type":"if","locations":[{"start":{"line":127,"column":6},"end":{"line":127,"column":47}}]},"3":{"loc":{"start":{"line":128,"column":6},"end":{"line":129,"column":72}},"type":"if","locations":[{"start":{"line":128,"column":6},"end":{"line":129,"column":72}}]}},"s":{"0":0,"1":0,"2":0,"3":0,"4":0,"5":0,"6":0,"7":0,"8":0,"9":0,"10":0,"11":0,"12":0,"13":0,"14":0,"15":0,"16":0,"17":0,"18":0,"19":0,"20":0,"21":0,"22":0,"23":0,"24":0,"25":0,"26":0,"27":0,"28":0,"29":0,"30":0,"31":0,"32":0,"33":0,"34":0,"35":0,"36":0,"37":0,"38":0,"39":0,"40":0,"41":0,"42":0,"43":0,"44":0,"45":0,"46":0,"47":0,"48":0,"49":0},"f":{"0":0,"1":0,"2":0,"3":0,"4":0,"5":0},"b":{"0":[0],"1":[0],"2":[0],"3":[0]}}
,"/Users/pawelm/DesktopOnlyDocs/projects/paymento_tasks/src/tasks/status/task-status.enum.ts": {"path":"/Users/pawelm/DesktopOnlyDocs/projects/paymento_tasks/src/tasks/status/task-status.enum.ts","statementMap":{"0":{"start":{"line":1,"column":0},"end":{"line":1,"column":null}},"1":{"start":{"line":2,"column":2},"end":{"line":2,"column":null}},"2":{"start":{"line":3,"column":2},"end":{"line":3,"column":null}},"3":{"start":{"line":4,"column":2},"end":{"line":4,"column":null}}},"fnMap":{"0":{"name":"(anonymous_0)","decl":{"start":{"line":1,"column":0},"end":{"line":1,"column":12}},"loc":{"start":{"line":1,"column":22},"end":{"line":5,"column":1}}}},"branchMap":{"0":{"loc":{"start":{"line":1,"column":12},"end":{"line":1,"column":null}},"type":"binary-expr","locations":[{"start":{"line":1,"column":12},"end":{"line":1,"column":22}},{"start":{"line":1,"column":12},"end":{"line":1,"column":null}}]}},"s":{"0":0,"1":0,"2":0,"3":0},"f":{"0":0},"b":{"0":[0,0]}}
,"/Users/pawelm/DesktopOnlyDocs/projects/paymento_tasks/src/users/dto/user-res-dto.mapper.ts": {"path":"/Users/pawelm/DesktopOnlyDocs/projects/paymento_tasks/src/users/dto/user-res-dto.mapper.ts","statementMap":{"0":{"start":{"line":4,"column":32},"end":{"line":7,"column":2}},"1":{"start":{"line":4,"column":61},"end":{"line":7,"column":2}},"2":{"start":{"line":4,"column":13},"end":{"line":4,"column":32}}},"fnMap":{"0":{"name":"(anonymous_0)","decl":{"start":{"line":4,"column":32},"end":{"line":4,"column":33}},"loc":{"start":{"line":4,"column":61},"end":{"line":7,"column":2}}}},"branchMap":{},"s":{"0":1,"1":0,"2":1},"f":{"0":0},"b":{}}
,"/Users/pawelm/DesktopOnlyDocs/projects/paymento_tasks/src/users/entity/user.entity.ts": {"path":"/Users/pawelm/DesktopOnlyDocs/projects/paymento_tasks/src/users/entity/user.entity.ts","statementMap":{"0":{"start":{"line":1,"column":0},"end":{"line":1,"column":54}},"1":{"start":{"line":2,"column":0},"end":{"line":2,"column":76}},"2":{"start":{"line":5,"column":7},"end":{"line":20,"column":null}},"3":{"start":{"line":6,"column":2},"end":{"line":7,"column":null}},"4":{"start":{"line":9,"column":2},"end":{"line":10,"column":null}},"5":{"start":{"line":12,"column":2},"end":{"line":13,"column":20}},"6":{"start":{"line":15,"column":2},"end":{"line":16,"column":null}},"7":{"start":{"line":18,"column":2},"end":{"line":19,"column":null}},"8":{"start":{"line":18,"column":19},"end":{"line":18,"column":23}},"9":{"start":{"line":18,"column":35},"end":{"line":18,"column":44}},"10":{"start":{"line":5,"column":13},"end":{"line":20,"column":null}},"11":{"start":{"line":5,"column":13},"end":{"line":5,"column":17}}},"fnMap":{"0":{"name":"(anonymous_2)","decl":{"start":{"line":18,"column":13},"end":{"line":18,"column":16}},"loc":{"start":{"line":18,"column":19},"end":{"line":18,"column":23}}},"1":{"name":"(anonymous_3)","decl":{"start":{"line":18,"column":25},"end":{"line":18,"column":26}},"loc":{"start":{"line":18,"column":35},"end":{"line":18,"column":44}}}},"branchMap":{},"s":{"0":0,"1":0,"2":0,"3":0,"4":0,"5":0,"6":0,"7":0,"8":0,"9":0,"10":0,"11":0},"f":{"0":0,"1":0},"b":{}}
,"/Users/pawelm/DesktopOnlyDocs/projects/paymento_tasks/src/validation/middleware/validation-middlewares.ts": {"path":"/Users/pawelm/DesktopOnlyDocs/projects/paymento_tasks/src/validation/middleware/validation-middlewares.ts","statementMap":{"0":{"start":{"line":1,"column":0},"end":{"line":1,"column":60}},"1":{"start":{"line":3,"column":0},"end":{"line":3,"column":52}},"2":{"start":{"line":4,"column":0},"end":{"line":4,"column":77}},"3":{"start":{"line":9,"column":4},"end":{"line":20,"column":6}},"4":{"start":{"line":10,"column":24},"end":{"line":10,"column":62}},"5":{"start":{"line":12,"column":40},"end":{"line":15,"column":8}},"6":{"start":{"line":16,"column":6},"end":{"line":18,"column":null}},"7":{"start":{"line":17,"column":8},"end":{"line":17,"column":50}},"8":{"start":{"line":19,"column":6},"end":{"line":19,"column":13}},"9":{"start":{"line":24,"column":4},"end":{"line":35,"column":6}},"10":{"start":{"line":25,"column":24},"end":{"line":25,"column":63}},"11":{"start":{"line":27,"column":40},"end":{"line":30,"column":8}},"12":{"start":{"line":31,"column":6},"end":{"line":33,"column":null}},"13":{"start":{"line":32,"column":8},"end":{"line":32,"column":50}},"14":{"start":{"line":34,"column":6},"end":{"line":34,"column":13}},"15":{"start":{"line":39,"column":4},"end":{"line":50,"column":6}},"16":{"start":{"line":40,"column":24},"end":{"line":40,"column":64}},"17":{"start":{"line":42,"column":40},"end":{"line":45,"column":8}},"18":{"start":{"line":46,"column":6},"end":{"line":48,"column":null}},"19":{"start":{"line":47,"column":8},"end":{"line":47,"column":50}},"20":{"start":{"line":49,"column":6},"end":{"line":49,"column":13}},"21":{"start":{"line":7,"column":0},"end":{"line":7,"column":13}}},"fnMap":{"0":{"name":"(anonymous_0)","decl":{"start":{"line":8,"column":2},"end":{"line":8,"column":8}},"loc":{"start":{"line":8,"column":70},"end":{"line":21,"column":3}}},"1":{"name":"(anonymous_1)","decl":{"start":{"line":9,"column":11},"end":{"line":9,"column":16}},"loc":{"start":{"line":9,"column":69},"end":{"line":20,"column":5}}},"2":{"name":"(anonymous_2)","decl":{"start":{"line":23,"column":2},"end":{"line":23,"column":8}},"loc":{"start":{"line":23,"column":71},"end":{"line":36,"column":3}}},"3":{"name":"(anonymous_3)","decl":{"start":{"line":24,"column":11},"end":{"line":24,"column":16}},"loc":{"start":{"line":24,"column":69},"end":{"line":35,"column":5}}},"4":{"name":"(anonymous_4)","decl":{"start":{"line":38,"column":2},"end":{"line":38,"column":8}},"loc":{"start":{"line":38,"column":71},"end":{"line":51,"column":3}}},"5":{"name":"(anonymous_5)","decl":{"start":{"line":39,"column":11},"end":{"line":39,"column":16}},"loc":{"start":{"line":39,"column":69},"end":{"line":50,"column":5}}}},"branchMap":{"0":{"loc":{"start":{"line":16,"column":6},"end":{"line":18,"column":null}},"type":"if","locations":[{"start":{"line":16,"column":6},"end":{"line":18,"column":null}}]},"1":{"loc":{"start":{"line":31,"column":6},"end":{"line":33,"column":null}},"type":"if","locations":[{"start":{"line":31,"column":6},"end":{"line":33,"column":null}}]},"2":{"loc":{"start":{"line":46,"column":6},"end":{"line":48,"column":null}},"type":"if","locations":[{"start":{"line":46,"column":6},"end":{"line":48,"column":null}}]}},"s":{"0":0,"1":0,"2":0,"3":0,"4":0,"5":0,"6":0,"7":0,"8":0,"9":0,"10":0,"11":0,"12":0,"13":0,"14":0,"15":0,"16":0,"17":0,"18":0,"19":0,"20":0,"21":0},"f":{"0":0,"1":0,"2":0,"3":0,"4":0,"5":0},"b":{"0":[0],"1":[0],"2":[0]}}
}
